Y:\мсисвинфт1\2\2\2\DEBUG\2.EXE.EMBED.MANIFEST
Y:\мсисвинфт1\2\2\2\DEBUG\2.EXE.EMBED.MANIFEST.RES
Y:\мсисвинфт1\2\2\2\DEBUG\2.EXE.INTERMEDIATE.MANIFEST
Y:\мсисвинфт1\2\2\2\DEBUG\2.OBJ
Y:\мсисвинфт1\2\2\2\Debug\2.write.1.tlog
Y:\мсисвинфт1\2\2\2\Debug\2_manifest.rc
Y:\мсисвинфт1\2\2\2\Debug\cl.command.1.tlog
Y:\мсисвинфт1\2\2\2\Debug\CL.read.1.tlog
Y:\мсисвинфт1\2\2\2\Debug\CL.write.1.tlog
Y:\мсисвинфт1\2\2\2\Debug\link.8016.read.1.tlog
Y:\мсисвинфт1\2\2\2\Debug\link.8016.write.1.tlog
Y:\мсисвинфт1\2\2\2\Debug\link.8016-cvtres.read.1.tlog
Y:\мсисвинфт1\2\2\2\Debug\link.8016-cvtres.write.1.tlog
Y:\мсисвинфт1\2\2\2\Debug\link.8264.read.1.tlog
Y:\мсисвинфт1\2\2\2\Debug\link.8264.write.1.tlog
Y:\мсисвинфт1\2\2\2\Debug\link.8264-cvtres.read.1.tlog
Y:\мсисвинфт1\2\2\2\Debug\link.8264-cvtres.write.1.tlog
Y:\мсисвинфт1\2\2\2\Debug\link.command.1.tlog
Y:\мсисвинфт1\2\2\2\Debug\link.read.1.tlog
Y:\мсисвинфт1\2\2\2\Debug\link.write.1.tlog
Y:\мсисвинфт1\2\2\2\Debug\link-cvtres.read.1.tlog
Y:\мсисвинфт1\2\2\2\Debug\link-cvtres.write.1.tlog
Y:\мсисвинфт1\2\2\2\Debug\mt.command.1.tlog
Y:\мсисвинфт1\2\2\2\Debug\mt.read.1.tlog
Y:\мсисвинфт1\2\2\2\Debug\mt.write.1.tlog
Y:\мсисвинфт1\2\2\2\Debug\rc.command.1.tlog
Y:\мсисвинфт1\2\2\2\Debug\rc.read.1.tlog
Y:\мсисвинфт1\2\2\2\Debug\rc.write.1.tlog
Y:\мсисвинфт1\2\2\2\Debug\vc100.idb
Y:\МСИСВИНФТ1\2\2\2\DEBUG\VC100.PDB
Y:\мсисвинфт1\2\2\DEBUG\2.EXE
Y:\мсисвинфт1\2\2\DEBUG\2.ILK
Y:\МСИСВИНФТ1\2\2\DEBUG\2.PDB
